[debug] [2023-11-21T18:45:56.956Z] ----------------------------------------------------------------------
[debug] [2023-11-21T18:45:56.957Z] Command:       C:\Program Files\nodejs\node.exe C:\Users\maxim\AppData\Roaming\npm\node_modules\firebase-tools\lib\bin\firebase.js init
[debug] [2023-11-21T18:45:56.958Z] CLI Version:   12.9.1
[debug] [2023-11-21T18:45:56.958Z] Platform:      win32
[debug] [2023-11-21T18:45:56.958Z] Node Version:  v16.13.1
[debug] [2023-11-21T18:45:56.959Z] Time:          Tue Nov 21 2023 13:45:56 GMT-0500 (Eastern Standard Time)
[debug] [2023-11-21T18:45:56.959Z] ----------------------------------------------------------------------
[debug] 
[debug] [2023-11-21T18:45:56.966Z] > command requires scopes: ["email","openid","https://www.googleapis.com/auth/cloudplatformprojects.readonly","https://www.googleapis.com/auth/firebase","https://www.googleapis.com/auth/cloud-platform"]
[debug] [2023-11-21T18:45:56.967Z] > authorizing via signed-in user (maximillian.k.machado@gmail.com)
[info] 
     ######## #### ########  ######## ########     ###     ######  ########
     ##        ##  ##     ## ##       ##     ##  ##   ##  ##       ##
     ######    ##  ########  ######   ########  #########  ######  ######
     ##        ##  ##    ##  ##       ##     ## ##     ##       ## ##
     ##       #### ##     ## ######## ########  ##     ##  ######  ########

You're about to initialize a Firebase project in this directory:

  C:\Users\maxim\Projects\qolab

[info] 
=== Project Setup
[info] 
[info] First, let's associate this project directory with a Firebase project.
[info] You can create multiple project aliases by running firebase use --add, 
[info] but for now we'll just set up a default project.
[info] 
[info] i  If you want to create a project in a Google Cloud organization or folder, please use "firebase projects:create" instead, and return to this command when you've created the project. 
[debug] [2023-11-21T18:46:19.597Z] > refreshing access token with scopes: []
[debug] [2023-11-21T18:46:19.598Z] >>> [apiv2][query] POST https://www.googleapis.com/oauth2/v3/token [none]
[debug] [2023-11-21T18:46:19.599Z] >>> [apiv2][body] POST https://www.googleapis.com/oauth2/v3/token [omitted]
[debug] [2023-11-21T18:46:19.729Z] <<< [apiv2][status] POST https://www.googleapis.com/oauth2/v3/token 200
[debug] [2023-11-21T18:46:19.729Z] <<< [apiv2][body] POST https://www.googleapis.com/oauth2/v3/token [omitted]
[debug] [2023-11-21T18:46:19.737Z] >>> [apiv2][query] POST https://cloudresourcemanager.googleapis.com/v1/projects [none]
[debug] [2023-11-21T18:46:19.737Z] >>> [apiv2][body] POST https://cloudresourcemanager.googleapis.com/v1/projects {"projectId":"qolab","name":"qolab"}
[debug] [2023-11-21T18:46:19.964Z] <<< [apiv2][status] POST https://cloudresourcemanager.googleapis.com/v1/projects 400
[debug] [2023-11-21T18:46:19.964Z] <<< [apiv2][body] POST https://cloudresourcemanager.googleapis.com/v1/projects {"error":{"code":400,"message":"field [project_id] has issue [project_id must be at least 6 characters long]","status":"INVALID_ARGUMENT","details":[{"@type":"type.googleapis.com/google.rpc.BadRequest","fieldViolations":[{"field":"project_id","description":"project_id must be at least 6 characters long"}]},{"@type":"type.googleapis.com/google.rpc.Help","links":[{"url":"https://cloud.google.com/resource-manager/reference/rest/v1/projects"}]}]}}
[debug] [2023-11-21T18:46:24.973Z] Error: Timed out.
    at Timeout._onTimeout (C:\Users\maxim\AppData\Roaming\npm\node_modules\firebase-tools\lib\utils.js:254:49)
    at listOnTimeout (node:internal/timers:557:17)
    at processTimers (node:internal/timers:500:7)
[error] 
[error] Error: An unexpected error has occurred.
[debug] [2023-11-21T18:47:25.250Z] ----------------------------------------------------------------------
[debug] [2023-11-21T18:47:25.251Z] Command:       C:\Program Files\nodejs\node.exe C:\Users\maxim\AppData\Roaming\npm\node_modules\firebase-tools\lib\bin\firebase.js init
[debug] [2023-11-21T18:47:25.251Z] CLI Version:   12.9.1
[debug] [2023-11-21T18:47:25.252Z] Platform:      win32
[debug] [2023-11-21T18:47:25.252Z] Node Version:  v16.13.1
[debug] [2023-11-21T18:47:25.253Z] Time:          Tue Nov 21 2023 13:47:25 GMT-0500 (Eastern Standard Time)
[debug] [2023-11-21T18:47:25.253Z] ----------------------------------------------------------------------
[debug] 
[debug] [2023-11-21T18:47:25.258Z] > command requires scopes: ["email","openid","https://www.googleapis.com/auth/cloudplatformprojects.readonly","https://www.googleapis.com/auth/firebase","https://www.googleapis.com/auth/cloud-platform"]
[debug] [2023-11-21T18:47:25.259Z] > authorizing via signed-in user (maximillian.k.machado@gmail.com)
[info] 
     ######## #### ########  ######## ########     ###     ######  ########
     ##        ##  ##     ## ##       ##     ##  ##   ##  ##       ##
     ######    ##  ########  ######   ########  #########  ######  ######
     ##        ##  ##    ##  ##       ##     ## ##     ##       ## ##
     ##       #### ##     ## ######## ########  ##     ##  ######  ########

You're about to initialize a Firebase project in this directory:

  C:\Users\maxim\Projects\qolab

[info] 
=== Project Setup
[info] 
[info] First, let's associate this project directory with a Firebase project.
[info] You can create multiple project aliases by running firebase use --add, 
[info] but for now we'll just set up a default project.
[info] 
[debug] [2023-11-21T18:47:42.689Z] >>> [apiv2][query] GET https://firebase.googleapis.com/v1beta1/projects pageSize=100
[debug] [2023-11-21T18:47:43.513Z] <<< [apiv2][status] GET https://firebase.googleapis.com/v1beta1/projects 200
[debug] [2023-11-21T18:47:43.513Z] <<< [apiv2][body] GET https://firebase.googleapis.com/v1beta1/projects [omitted]
[debug] [2023-11-21T18:49:03.639Z] ----------------------------------------------------------------------
[debug] [2023-11-21T18:49:03.641Z] Command:       C:\Program Files\nodejs\node.exe C:\Users\maxim\AppData\Roaming\npm\node_modules\firebase-tools\lib\bin\firebase.js init
[debug] [2023-11-21T18:49:03.641Z] CLI Version:   12.9.1
[debug] [2023-11-21T18:49:03.641Z] Platform:      win32
[debug] [2023-11-21T18:49:03.641Z] Node Version:  v16.13.1
[debug] [2023-11-21T18:49:03.642Z] Time:          Tue Nov 21 2023 13:49:03 GMT-0500 (Eastern Standard Time)
[debug] [2023-11-21T18:49:03.642Z] ----------------------------------------------------------------------
[debug] 
[debug] [2023-11-21T18:49:03.648Z] > command requires scopes: ["email","openid","https://www.googleapis.com/auth/cloudplatformprojects.readonly","https://www.googleapis.com/auth/firebase","https://www.googleapis.com/auth/cloud-platform"]
[debug] [2023-11-21T18:49:03.648Z] > authorizing via signed-in user (maximillian.k.machado@gmail.com)
[info] 
     ######## #### ########  ######## ########     ###     ######  ########
     ##        ##  ##     ## ##       ##     ##  ##   ##  ##       ##
     ######    ##  ########  ######   ########  #########  ######  ######
     ##        ##  ##    ##  ##       ##     ## ##     ##       ## ##
     ##       #### ##     ## ######## ########  ##     ##  ######  ########

You're about to initialize a Firebase project in this directory:

  C:\Users\maxim\Projects\qolab

[info] 
=== Project Setup
[info] 
[info] First, let's associate this project directory with a Firebase project.
[info] You can create multiple project aliases by running firebase use --add, 
[info] but for now we'll just set up a default project.
[info] 
[debug] [2023-11-21T18:49:10.059Z] >>> [apiv2][query] GET https://firebase.googleapis.com/v1beta1/projects pageSize=100
[debug] [2023-11-21T18:49:10.539Z] <<< [apiv2][status] GET https://firebase.googleapis.com/v1beta1/projects 200
[debug] [2023-11-21T18:49:10.539Z] <<< [apiv2][body] GET https://firebase.googleapis.com/v1beta1/projects [omitted]
[info] i  Using project qolab-13821 (qolab) 
[info] 
=== Hosting Setup
[debug] [2023-11-21T18:49:14.217Z] >>> [apiv2][query] GET https://firebase.googleapis.com/v1beta1/projects/qolab-13821 [none]
[debug] [2023-11-21T18:49:14.737Z] <<< [apiv2][status] GET https://firebase.googleapis.com/v1beta1/projects/qolab-13821 200
[debug] [2023-11-21T18:49:14.737Z] <<< [apiv2][body] GET https://firebase.googleapis.com/v1beta1/projects/qolab-13821 {"projectId":"qolab-13821","projectNumber":"313408854955","displayName":"qolab","name":"projects/qolab-13821","resources":{"hostingSite":"qolab-13821"},"state":"ACTIVE","etag":"1_d8a0280e-f4ab-4233-8b6e-7e93c3d57c22"}
[info] 
[info] Your public directory is the folder (relative to your project directory) that
[info] will contain Hosting assets to be uploaded with firebase deploy. If you
[info] have a build process for your assets, use your build's output directory.
[info] 
